<?xml version="1.0" encoding="UTF-8"?>
<!-- Generated by org.testng.reporters.JUnitReportReporter -->
<testsuite hostname="LAPTOP-HM1JUSSO" failures="0" tests="6" name="Testscripts.ComputersTest" time="21.349" errors="0" timestamp="2024-04-04T14:57:34 IST" skipped="0">
  <testcase classname="Testscripts.ComputersTest" name="computer_001" time="3.611">
    <system-out>
      <![CDATA[Test is Completed]]>
    </system-out>
  </testcase> <!-- computer_001 -->
  <testcase classname="Testscripts.ComputersTest" name="Computer_002" time="4.088">
    <system-out>
      <![CDATA[Test is Completed]]>
    </system-out>
  </testcase> <!-- Computer_002 -->
  <testcase classname="Testscripts.ComputersTest" name="computer_001" time="3.954">
    <system-out>
      <![CDATA[Test is Completed]]>
    </system-out>
  </testcase> <!-- computer_001 -->
  <testcase classname="Testscripts.ComputersTest" name="Computer_002" time="3.881">
    <system-out>
      <![CDATA[Test is Completed]]>
    </system-out>
  </testcase> <!-- Computer_002 -->
  <testcase classname="Testscripts.ComputersTest" name="Computer_002" time="2.522">
    <system-out>
      <![CDATA[Test is Completed]]>
    </system-out>
  </testcase> <!-- Computer_002 -->
  <testcase classname="Testscripts.ComputersTest" name="computer_001" time="3.293">
    <system-out>
      <![CDATA[Test is Completed]]>
    </system-out>
  </testcase> <!-- computer_001 -->
  <system-out>
    <![CDATA[Data base is Connected
Before Test
Before Test
Before Test
Launched Browser
Launched Browser
Login
Login
Test is Completed
Test is Completed
Log Out
Launched Browser
Log Out
Login
Login
Test is Completed
Login
Test is Completed
Log Out
Test is Completed
Login
Log Out
Log Out
Browser closed
Test is Completed
Browser closed
Log Out
Browser closed
Launched Browser
Login
Launched Browser
Test is Completed
Log Out
Login
Test is Completed
Login
Log Out
Launched Browser
Test is Completed
Login
Log Out
Browser closed
After Test
Test is Completed
Login
Test is Completed
Log Out
Browser closed
After Test
After Test
Close Data Base Connection]]>
  </system-out>
</testsuite> <!-- Testscripts.ComputersTest -->
