<?xml version="1.0" encoding="UTF-8"?>
<!-- Generated by org.testng.reporters.JUnitReportReporter -->
<testsuite hostname="LAPTOP-HM1JUSSO" failures="0" tests="5" name="Testngtest.RegisterTest" time="50.025" errors="0" timestamp="2024-04-01T19:24:56 IST" skipped="0">
  <testcase classname="Testngtest.RegisterTest" name="Register" time="9.124"/>
  <testcase classname="Testngtest.RegisterTest" name="Register" time="9.065"/>
  <testcase classname="Testngtest.RegisterTest" name="Register" time="11.439"/>
  <testcase classname="Testngtest.RegisterTest" name="Register" time="10.566"/>
  <testcase classname="Testngtest.RegisterTest" name="Register" time="9.831"/>
</testsuite> <!-- Testngtest.RegisterTest -->
