<?xml version="1.0" encoding="UTF-8"?>
<!-- Generated by org.testng.reporters.JUnitReportReporter -->
<testsuite hostname="LAPTOP-HM1JUSSO" failures="0" tests="1" name="Testscripts.ElectronicsTest" time="7.804" errors="0" timestamp="2024-04-08T20:02:51 IST" skipped="0">
  <testcase classname="Testscripts.ElectronicsTest" name="Electronics_cellphone_001" time="7.804"/>
  <system-out>
    <![CDATA[Data base is Connected
Before Test
Launched Browser
Login
Log Out
Browser closed
After Test
Close Data Base Connection]]>
  </system-out>
</testsuite> <!-- Testscripts.ElectronicsTest -->
