<?xml version="1.0" encoding="UTF-8"?>
<!-- Generated by org.testng.reporters.JUnitReportReporter -->
<testsuite hostname="LAPTOP-HM1JUSSO" failures="0" tests="3" name="GenericLibraries.BaseClass" time="0.020" errors="0" timestamp="2024-04-02T13:59:08 IST" skipped="0">
  <testcase classname="GenericLibraries.BaseClass" name="test1" time="0.010">
    <system-out>
      <![CDATA[Test 1]]>
    </system-out>
  </testcase> <!-- test1 -->
  <testcase classname="GenericLibraries.BaseClass" name="test3" time="0.007">
    <system-out>
      <![CDATA[Test 3]]>
    </system-out>
  </testcase> <!-- test3 -->
  <testcase classname="GenericLibraries.BaseClass" name="test2" time="0.003">
    <system-out>
      <![CDATA[Test 2]]>
    </system-out>
  </testcase> <!-- test2 -->
  <system-out>
    <![CDATA[Before Suite
Before Test
Before Class
Before Method
Test 1
After Method
Before Method
Test 2
After Method
Before Method
Test 3
After Method
After class
After Test
After Suite]]>
  </system-out>
</testsuite> <!-- GenericLibraries.BaseClass -->
