<?xml version="1.0" encoding="UTF-8"?>
<!-- Generated by org.testng.reporters.JUnitReportReporter -->
<testsuite hostname="LAPTOP-HM1JUSSO" failures="0" tests="1" name="Testscripts.HomeTest" time="7.935" errors="0" timestamp="2024-04-06T12:55:09 IST" skipped="0">
  <testcase classname="Testscripts.HomeTest" name="hometest_001" time="7.935"/>
  <system-out>
    <![CDATA[Data base is Connected
Before Test
Launched Browser
Login
Log Out
Browser closed
After Test
Close Data Base Connection]]>
  </system-out>
</testsuite> <!-- Testscripts.HomeTest -->
