<?xml version="1.0" encoding="UTF-8"?>
<!-- Generated by org.testng.reporters.JUnitReportReporter -->
<testsuite hostname="LAPTOP-HM1JUSSO" failures="0" tests="1" name="Testscripts.BooksTest" time="14.127" errors="0" timestamp="2024-04-10T13:58:17 IST" skipped="0">
  <testcase classname="Testscripts.BooksTest" name="books_003" time="14.127"/>
  <system-out>
    <![CDATA[Data base is Connected
Before Test
Launched Browser
Login
Log Out
Browser closed
After Test
Close Data Base Connection]]>
  </system-out>
</testsuite> <!-- Testscripts.BooksTest -->
