<?xml version="1.0" encoding="UTF-8"?>
<!-- Generated by org.testng.reporters.JUnitReportReporter -->
<testsuite hostname="LAPTOP-HM1JUSSO" failures="0" tests="1" name="Testngtest.InvocationTest" time="3.675" errors="0" timestamp="2024-03-29T15:21:10 IST" skipped="0">
  <testcase classname="Testngtest.InvocationTest" name="test2" time="3.675"/>
  <system-out>
    <![CDATA[Login_001]]>
  </system-out>
</testsuite> <!-- Testngtest.InvocationTest -->
