<?xml version="1.0" encoding="UTF-8"?>
<!-- Generated by org.testng.reporters.JUnitReportReporter -->
<testsuite hostname="LAPTOP-HM1JUSSO" failures="0" tests="1" name="Testngtest.LoginTest" time="2.090" errors="0" timestamp="2024-03-29T15:21:10 IST" skipped="0">
  <testcase classname="Testngtest.LoginTest" name="Login_001" time="2.090">
    <system-out>
      <![CDATA[Login_001]]>
    </system-out>
  </testcase> <!-- Login_001 -->
  <system-out>
    <![CDATA[Login_001]]>
  </system-out>
</testsuite> <!-- Testngtest.LoginTest -->
