<?xml version="1.0" encoding="UTF-8"?>
<!-- Generated by org.testng.reporters.JUnitReportReporter -->
<testsuite hostname="LAPTOP-HM1JUSSO" failures="0" tests="3" name="Testngtest.DemoappsDataProvider" time="36.872" errors="0" timestamp="2024-04-01T19:54:25 IST" skipped="0">
  <testcase classname="Testngtest.DemoappsDataProvider" name="Login_001" time="12.108"/>
  <testcase classname="Testngtest.DemoappsDataProvider" name="Login_001" time="12.809"/>
  <testcase classname="Testngtest.DemoappsDataProvider" name="Login_001" time="11.955"/>
</testsuite> <!-- Testngtest.DemoappsDataProvider -->
